\BOOKMARK [1][-]{section.1}{\376\377\000E\000i\000n\000l\000e\000i\000t\000u\000n\000g}{}% 1
\BOOKMARK [1][-]{section.2}{\376\377\000G\000e\000o\000c\000o\000d\000i\000n\000g}{}% 2
\BOOKMARK [2][-]{subsection.2.1}{\376\377\000S\000k\000r\000i\000p\000t\000:\000\040\000g\000e\000o\000c\000o\000d\000i\000n\000g\000E\000T\000R\000S\0008\0009\000.\000p\000y}{section.2}% 3
\BOOKMARK [3][-]{subsubsection.2.1.1}{\376\377\000F\000u\000n\000k\000t\000i\000o\000n\000:\000\040\000g\000e\000t\000\137\000c\000o\000o\000r\000d\000i\000n\000a\000t\000e\000s\000\050\000a\000d\000d\000r\000e\000s\000s\000\051}{subsection.2.1}% 4
\BOOKMARK [3][-]{subsubsection.2.1.2}{\376\377\000F\000u\000n\000k\000t\000i\000o\000n\000:\000\040\000p\000r\000o\000c\000e\000s\000s\000\137\000d\000a\000t\000a\000\050\000i\000n\000p\000u\000t\000\137\000c\000s\000v\000,\000\040\000o\000u\000t\000p\000u\000t\000\137\000c\000s\000v\000\051}{subsection.2.1}% 5
\BOOKMARK [1][-]{section.3}{\376\377\000O\000S\000M}{}% 6
\BOOKMARK [2][-]{subsection.3.1}{\376\377\000S\000k\000r\000i\000p\000t\000:\000\040\000i\000m\000p\000o\000r\000t\000\137\000o\000s\000m\000\137\000d\000a\000t\000a\000\137\000g\000e\000o\000j\000s\000o\000n\000.\000p\000y}{section.3}% 7
\BOOKMARK [3][-]{subsubsection.3.1.1}{\376\377\000F\000u\000n\000k\000t\000i\000o\000n\000:\000\040\000b\000u\000i\000l\000d\000\137\000q\000u\000e\000r\000y\000\050\000c\000i\000t\000y\000\137\000n\000a\000m\000e\000,\000\040\000t\000a\000g\000s\000,\000\040\000e\000l\000e\000m\000e\000n\000t\000\137\000t\000y\000p\000e\000=\000"\000w\000a\000y\000"\000\051}{subsection.3.1}% 8
\BOOKMARK [3][-]{subsubsection.3.1.2}{\376\377\000F\000u\000n\000k\000t\000i\000o\000n\000:\000\040\000d\000o\000w\000n\000l\000o\000a\000d\000\137\000d\000a\000t\000a\000\050\000q\000u\000e\000r\000y\000,\000\040\000e\000l\000e\000m\000e\000n\000t\000\137\000t\000y\000p\000e\000\051}{subsection.3.1}% 9
\BOOKMARK [3][-]{subsubsection.3.1.3}{\376\377\000F\000u\000n\000k\000t\000i\000o\000n\000:\000\040\000j\000s\000o\000n\000\137\000s\000e\000r\000i\000a\000l\000\050\000o\000b\000j\000\051}{subsection.3.1}% 10
\BOOKMARK [3][-]{subsubsection.3.1.4}{\376\377\000F\000u\000n\000k\000t\000i\000o\000n\000:\000\040\000s\000a\000v\000e\000\137\000t\000o\000\137\000f\000i\000l\000e\000\050\000g\000e\000o\000j\000s\000o\000n\000\137\000d\000a\000t\000a\000,\000\040\000f\000i\000l\000e\000n\000a\000m\000e\000\051}{subsection.3.1}% 11
\BOOKMARK [3][-]{subsubsection.3.1.5}{\376\377\000F\000u\000n\000k\000t\000i\000o\000n\000:\000\040\000r\000u\000n\000\137\000h\000e\000r\000e\000\050\000\051}{subsection.3.1}% 12
\BOOKMARK [2][-]{subsection.3.2}{\376\377\000H\000i\000n\000w\000e\000i\000s}{section.3}% 13
\BOOKMARK [1][-]{section.4}{\376\377\000E\000i\000n\000l\000e\000i\000t\000u\000n\000g}{}% 14
\BOOKMARK [1][-]{section.5}{\376\377\000S\000k\000r\000i\000p\000t\000:\000\040\000M\000S\000T\000\137\000p\000r\000o\000c\000e\000s\000s\000i\000n\000g\000.\000p\000y}{}% 15
\BOOKMARK [2][-]{subsection.5.1}{\376\377\000\334\000b\000e\000r\000s\000i\000c\000h\000t}{section.5}% 16
\BOOKMARK [2][-]{subsection.5.2}{\376\377\000F\000u\000n\000k\000t\000i\000o\000n\000:\000\040\000a\000d\000d\000\137\000i\000n\000t\000e\000r\000m\000e\000d\000i\000a\000t\000e\000\137\000p\000o\000i\000n\000t\000s\000\050\000p\000o\000i\000n\000t\000s\000\137\000g\000d\000f\000,\000\040\000s\000t\000r\000e\000e\000t\000\137\000l\000a\000y\000e\000r\000,\000\040\000m\000a\000x\000\137\000d\000i\000s\000t\000a\000n\000c\000e\000=\0002\0000\0000\000,\000\040\000p\000o\000i\000n\000t\000\137\000i\000n\000t\000e\000r\000v\000a\000l\000=\0001\0000\000\051}{section.5}% 17
\BOOKMARK [2][-]{subsection.5.3}{\376\377\000F\000u\000n\000k\000t\000i\000o\000n\000:\000\040\000a\000d\000j\000u\000s\000t\000\137\000s\000e\000g\000m\000e\000n\000t\000s\000\137\000t\000o\000\137\000r\000o\000a\000d\000s\000\050\000m\000s\000t\000\137\000g\000d\000f\000,\000\040\000s\000t\000r\000e\000e\000t\000\137\000l\000a\000y\000e\000r\000,\000\040\000a\000l\000l\000\137\000e\000n\000d\000\137\000p\000o\000i\000n\000t\000s\000\137\000g\000d\000f\000,\000\040\000t\000h\000r\000e\000s\000h\000o\000l\000d\000=\0005\000\051}{section.5}% 18
\BOOKMARK [2][-]{subsection.5.4}{\376\377\000F\000u\000n\000k\000t\000i\000o\000n\000:\000\040\000g\000e\000n\000e\000r\000a\000t\000e\000\137\000m\000s\000t\000\050\000p\000o\000i\000n\000t\000s\000\051}{section.5}% 19
\BOOKMARK [1][-]{section.6}{\376\377\000S\000k\000r\000i\000p\000t\000:\000\040\000s\000i\000m\000p\000l\000e\000\137\000M\000S\000T\000.\000p\000y}{}% 20
\BOOKMARK [2][-]{subsection.6.1}{\376\377\000\334\000b\000e\000r\000s\000i\000c\000h\000t}{section.6}% 21
\BOOKMARK [2][-]{subsection.6.2}{\376\377\000F\000u\000n\000k\000t\000i\000o\000n\000:\000\040\000c\000r\000e\000a\000t\000e\000\137\000o\000f\000f\000s\000e\000t\000\137\000p\000o\000i\000n\000t\000s\000\050\000p\000o\000i\000n\000t\000,\000\040\000d\000i\000s\000t\000a\000n\000c\000e\000,\000\040\000a\000n\000g\000l\000e\000\137\000d\000e\000g\000r\000e\000e\000s\000\051}{section.6}% 22
\BOOKMARK [2][-]{subsection.6.3}{\376\377\000F\000u\000n\000k\000t\000i\000o\000n\000:\000\040\000g\000e\000n\000e\000r\000a\000t\000e\000\137\000n\000e\000t\000w\000o\000r\000k\000\137\000f\000l\000\050\000l\000a\000y\000e\000r\000\137\000p\000o\000i\000n\000t\000s\000\137\000f\000l\000,\000\040\000l\000a\000y\000e\000r\000\137\000w\000e\000a\000,\000\040\000s\000t\000r\000e\000e\000t\000\137\000l\000a\000y\000e\000r\000,\000\040\000a\000l\000g\000o\000r\000i\000t\000h\000m\000=\000"\000M\000S\000T\000"\000\051}{section.6}% 23
\BOOKMARK [2][-]{subsection.6.4}{\376\377\000F\000u\000n\000k\000t\000i\000o\000n\000:\000\040\000g\000e\000n\000e\000r\000a\000t\000e\000\137\000r\000e\000t\000u\000r\000n\000\137\000l\000i\000n\000e\000s\000\050\000l\000a\000y\000e\000r\000\137\000p\000o\000i\000n\000t\000s\000\137\000r\000l\000,\000\040\000l\000a\000y\000e\000r\000\137\000w\000e\000a\000,\000\040\000f\000i\000x\000e\000d\000\137\000d\000i\000s\000t\000a\000n\000c\000e\000\137\000r\000l\000,\000\040\000f\000i\000x\000e\000d\000\137\000a\000n\000g\000l\000e\000\137\000r\000l\000,\000\040\000s\000t\000r\000e\000e\000t\000\137\000l\000a\000y\000e\000r\000\051}{section.6}% 24
\BOOKMARK [1][-]{section.7}{\376\377\000S\000k\000r\000i\000p\000t\000:\000\040\000i\000m\000p\000o\000r\000t\000\137\000a\000n\000d\000\137\000c\000r\000e\000a\000t\000e\000\137\000l\000a\000y\000e\000r\000s\000.\000p\000y}{}% 25
\BOOKMARK [2][-]{subsection.7.1}{\376\377\000\334\000b\000e\000r\000s\000i\000c\000h\000t}{section.7}% 26
\BOOKMARK [2][-]{subsection.7.2}{\376\377\000F\000u\000n\000k\000t\000i\000o\000n\000:\000\040\000i\000m\000p\000o\000r\000t\000\137\000o\000s\000m\000\137\000s\000t\000r\000e\000e\000t\000\137\000l\000a\000y\000e\000r\000\050\000o\000s\000m\000\137\000s\000t\000r\000e\000e\000t\000\137\000l\000a\000y\000e\000r\000\137\000g\000e\000o\000j\000s\000o\000n\000\137\000f\000i\000l\000e\000\051}{section.7}% 27
\BOOKMARK [2][-]{subsection.7.3}{\376\377\000F\000u\000n\000k\000t\000i\000o\000n\000:\000\040\000g\000e\000n\000e\000r\000a\000t\000e\000\137\000l\000i\000n\000e\000s\000\050\000l\000a\000y\000e\000r\000,\000\040\000d\000i\000s\000t\000a\000n\000c\000e\000,\000\040\000a\000n\000g\000l\000e\000\137\000d\000e\000g\000r\000e\000e\000s\000,\000\040\000d\000f\000=\000N\000o\000n\000e\000\051}{section.7}% 28
\BOOKMARK [2][-]{subsection.7.4}{\376\377\000F\000u\000n\000k\000t\000i\000o\000n\000:\000\040\000g\000e\000n\000e\000r\000a\000t\000e\000\137\000a\000n\000d\000\137\000e\000x\000p\000o\000r\000t\000\137\000l\000a\000y\000e\000r\000s\000\050\000o\000s\000m\000\137\000s\000t\000r\000e\000e\000t\000\137\000l\000a\000y\000e\000r\000\137\000g\000e\000o\000j\000s\000o\000n\000\137\000f\000i\000l\000e\000\137\000n\000a\000m\000e\000,\000\040\000d\000a\000t\000a\000\137\000c\000s\000v\000\137\000f\000i\000l\000e\000\137\000n\000a\000m\000e\000,\000\040\000c\000o\000o\000r\000d\000i\000n\000a\000t\000e\000s\000,\000\040\000b\000a\000s\000e\000\137\000p\000a\000t\000h\000,\000\040\000f\000i\000x\000e\000d\000\137\000a\000n\000g\000l\000e\000=\0000\000,\000\040\000f\000i\000x\000e\000d\000\137\000d\000i\000s\000t\000a\000n\000c\000e\000=\0001\000,\000\040\000a\000l\000g\000o\000r\000i\000t\000h\000m\000=\000"\000M\000S\000T\000"\000\051}{section.7}% 29
\BOOKMARK [1][-]{section.8}{\376\377\000Z\000u\000s\000a\000m\000m\000e\000n\000f\000a\000s\000s\000u\000n\000g}{}% 30
\BOOKMARK [1][-]{section.9}{\376\377\000E\000i\000n\000l\000e\000i\000t\000u\000n\000g}{}% 31
\BOOKMARK [1][-]{section.10}{\376\377\000F\000u\000n\000k\000t\000i\000o\000n\000\040\000g\000e\000n\000e\000r\000a\000t\000e\000\137\000p\000r\000o\000f\000i\000l\000e\000s\000\137\000f\000r\000o\000m\000\137\000c\000s\000v}{}% 32
\BOOKMARK [2][-]{subsection.10.1}{\376\377\000B\000e\000r\000e\000c\000h\000n\000u\000n\000g\000s\000l\000o\000g\000i\000k}{section.10}% 33
\BOOKMARK [3][-]{subsubsection.10.1.1}{\376\377\000A\000u\000f\000t\000e\000i\000l\000u\000n\000g\000\040\000d\000e\000s\000\040\000G\000e\000s\000a\000m\000t\000w\000\344\000r\000m\000e\000b\000e\000d\000a\000r\000f\000s}{subsection.10.1}% 34
\BOOKMARK [3][-]{subsubsection.10.1.2}{\376\377\000B\000e\000r\000e\000c\000h\000n\000u\000n\000g\000s\000m\000e\000t\000h\000o\000d\000e\000n}{subsection.10.1}% 35
\BOOKMARK [3][-]{subsubsection.10.1.3}{\376\377\000K\000o\000r\000r\000e\000k\000t\000u\000r\000\040\000n\000e\000g\000a\000t\000i\000v\000e\000r\000\040\000L\000a\000s\000t\000e\000n}{subsection.10.1}% 36
\BOOKMARK [3][-]{subsubsection.10.1.4}{\376\377\000U\000m\000r\000e\000c\000h\000n\000u\000n\000g\000\040\000i\000n\000\040\000W\000a\000t\000t}{subsection.10.1}% 37
\BOOKMARK [2][-]{subsection.10.2}{\376\377\000A\000u\000s\000g\000a\000b\000e}{section.10}% 38
\BOOKMARK [1][-]{section.11}{\376\377\000F\000u\000n\000k\000t\000i\000o\000n\000\040\000c\000a\000l\000c\000u\000l\000a\000t\000e\000\137\000t\000e\000m\000p\000e\000r\000a\000t\000u\000r\000e\000\137\000c\000u\000r\000v\000e\000s}{}% 39
\BOOKMARK [2][-]{subsection.11.1}{\376\377\000E\000i\000n\000g\000a\000b\000e}{section.11}% 40
\BOOKMARK [2][-]{subsection.11.2}{\376\377\000B\000e\000r\000e\000c\000h\000n\000u\000n\000g\000\040\000d\000e\000r\000\040\000T\000e\000m\000p\000e\000r\000a\000t\000u\000r\000k\000u\000r\000v\000e\000n}{section.11}% 41
\BOOKMARK [3][-]{subsubsection.11.2.1}{\376\377\000T\000e\000m\000p\000e\000r\000a\000t\000u\000r\000d\000i\000f\000f\000e\000r\000e\000n\000z}{subsection.11.2}% 42
\BOOKMARK [3][-]{subsubsection.11.2.2}{\376\377\000V\000o\000r\000l\000a\000u\000f\000t\000e\000m\000p\000e\000r\000a\000t\000u\000r\000k\000u\000r\000v\000e}{subsection.11.2}% 43
\BOOKMARK [3][-]{subsubsection.11.2.3}{\376\377\000R\000\374\000c\000k\000l\000a\000u\000f\000t\000e\000m\000p\000e\000r\000a\000t\000u\000r\000k\000u\000r\000v\000e}{subsection.11.2}% 44
\BOOKMARK [1][-]{section.12}{\376\377\000B\000e\000r\000e\000c\000h\000n\000u\000n\000g\000s\000m\000e\000t\000h\000o\000d\000e\000:\000\040\000V\000D\000I\000\040\0004\0006\0005\0005}{}% 45
\BOOKMARK [2][-]{subsection.12.1}{\376\377\000G\000r\000u\000n\000d\000l\000a\000g\000e\000\040\000d\000e\000s\000\040\000B\000e\000r\000e\000c\000h\000n\000u\000n\000g\000s\000a\000l\000g\000o\000r\000i\000t\000h\000m\000u\000s\000\040\000n\000a\000c\000h\000\040\000V\000D\000I\000\040\0004\0006\0005\0005}{section.12}% 46
\BOOKMARK [3][-]{subsubsection.12.1.1}{\376\377\000T\000e\000s\000t\000r\000e\000f\000e\000r\000e\000n\000z\000j\000a\000h\000r\000\040\000\050\000T\000R\000Y\000\051\000\040\000u\000n\000d\000\040\000W\000e\000t\000t\000e\000r\000d\000a\000t\000e\000n}{subsection.12.1}% 47
\BOOKMARK [3][-]{subsubsection.12.1.2}{\376\377\000D\000e\000f\000i\000n\000i\000t\000i\000o\000n\000\040\000v\000o\000n\000\040\000N\000u\000t\000z\000u\000n\000g\000s\000p\000r\000o\000f\000i\000l\000e\000n}{subsection.12.1}% 48
\BOOKMARK [2][-]{subsection.12.2}{\376\377\000B\000e\000r\000e\000c\000h\000n\000u\000n\000g\000s\000a\000n\000s\000a\000t\000z\000\040\000n\000a\000c\000h\000\040\000V\000D\000I\000\040\0004\0006\0005\0005}{section.12}% 49
\BOOKMARK [3][-]{subsubsection.12.2.1}{\376\377\000J\000a\000h\000r\000e\000s\000e\000n\000e\000r\000g\000i\000e\000v\000e\000r\000b\000r\000a\000u\000c\000h\000\040\000u\000n\000d\000\040\000A\000u\000f\000t\000e\000i\000l\000u\000n\000g\000\040\000a\000u\000f\000\040\000t\000\344\000g\000l\000i\000c\000h\000e\000\040\000P\000r\000o\000f\000i\000l\000e}{subsection.12.2}% 50
\BOOKMARK [3][-]{subsubsection.12.2.2}{\376\377\000B\000e\000r\000e\000c\000h\000n\000u\000n\000g\000\040\000s\000t\000\374\000n\000d\000l\000i\000c\000h\000e\000r\000\040\000u\000n\000d\000\040\000v\000i\000e\000r\000t\000e\000l\000s\000t\000\374\000n\000d\000l\000i\000c\000h\000e\000r\000\040\000L\000a\000s\000t\000p\000r\000o\000f\000i\000l\000e}{subsection.12.2}% 51
\BOOKMARK [3][-]{subsubsection.12.2.3}{\376\377\000K\000o\000r\000r\000e\000k\000t\000u\000r\000\040\000d\000e\000r\000\040\000L\000a\000s\000t\000p\000r\000o\000f\000i\000l\000e\000\040\000b\000a\000s\000i\000e\000r\000e\000n\000d\000\040\000a\000u\000f\000\040\000t\000a\000t\000s\000\344\000c\000h\000l\000i\000c\000h\000e\000m\000\040\000V\000e\000r\000b\000r\000a\000u\000c\000h}{subsection.12.2}% 52
\BOOKMARK [2][-]{subsection.12.3}{\376\377\000A\000n\000w\000e\000n\000d\000u\000n\000g\000s\000b\000e\000r\000e\000i\000c\000h\000e\000\040\000d\000e\000s\000\040\000V\000D\000I\000\040\0004\0006\0005\0005\000-\000P\000r\000o\000f\000i\000l\000s}{section.12}% 53
\BOOKMARK [2][-]{subsection.12.4}{\376\377\000Z\000u\000s\000a\000m\000m\000e\000n\000f\000a\000s\000s\000u\000n\000g}{section.12}% 54
\BOOKMARK [1][-]{section.13}{\376\377\000B\000e\000r\000e\000c\000h\000n\000u\000n\000g\000s\000m\000e\000t\000h\000o\000d\000e\000:\000\040\000B\000D\000E\000W}{}% 55
\BOOKMARK [2][-]{subsection.13.1}{\376\377\000G\000r\000u\000n\000d\000l\000e\000g\000e\000n\000d\000e\000\040\000K\000o\000m\000p\000o\000n\000e\000n\000t\000e\000n\000\040\000d\000e\000r\000\040\000W\000\344\000r\000m\000e\000b\000e\000d\000a\000r\000f\000s\000b\000e\000r\000e\000c\000h\000n\000u\000n\000g}{section.13}% 56
\BOOKMARK [2][-]{subsection.13.2}{\376\377\000J\000a\000h\000r\000e\000s\000w\000\344\000r\000m\000e\000b\000e\000d\000a\000r\000f\000\040\000u\000n\000d\000\040\000T\000a\000g\000e\000s\000p\000r\000o\000f\000i\000l\000e}{section.13}% 57
\BOOKMARK [3][-]{subsubsection.13.2.1}{\376\377\000A\000u\000s\000g\000a\000n\000g\000s\000p\000u\000n\000k\000t\000:\000\040\000D\000e\000r\000\040\000J\000a\000h\000r\000e\000s\000w\000\344\000r\000m\000e\000b\000e\000d\000a\000r\000f\000\040\000\050\000J\000W\000B\000\051}{subsection.13.2}% 58
\BOOKMARK [3][-]{subsubsection.13.2.2}{\376\377\000A\000u\000f\000t\000e\000i\000l\000u\000n\000g\000\040\000i\000n\000\040\000t\000\344\000g\000l\000i\000c\000h\000e\000\040\000P\000r\000o\000f\000i\000l\000e}{subsection.13.2}% 59
\BOOKMARK [3][-]{subsubsection.13.2.3}{\376\377\000T\000e\000m\000p\000e\000r\000a\000t\000u\000r\000a\000b\000h\000\344\000n\000g\000i\000g\000e\000\040\000B\000e\000r\000e\000c\000h\000n\000u\000n\000g\000\040\000d\000e\000s\000\040\000H\000e\000i\000z\000w\000\344\000r\000m\000e\000b\000e\000d\000a\000r\000f\000s}{subsection.13.2}% 60
\BOOKMARK [3][-]{subsubsection.13.2.4}{\376\377\000B\000e\000r\000e\000c\000h\000n\000u\000n\000g\000\040\000d\000e\000s\000\040\000W\000a\000r\000m\000w\000a\000s\000s\000e\000r\000b\000e\000d\000a\000r\000f\000s}{subsection.13.2}% 61
\BOOKMARK [2][-]{subsection.13.3}{\376\377\000T\000a\000g\000e\000s\000-\000\040\000u\000n\000d\000\040\000W\000o\000c\000h\000e\000n\000f\000a\000k\000t\000o\000r\000e\000n}{section.13}% 62
\BOOKMARK [2][-]{subsection.13.4}{\376\377\000B\000e\000r\000e\000c\000h\000n\000u\000n\000g\000\040\000s\000t\000\374\000n\000d\000l\000i\000c\000h\000e\000r\000\040\000L\000a\000s\000t\000p\000r\000o\000f\000i\000l\000e}{section.13}% 63
\BOOKMARK [3][-]{subsubsection.13.4.1}{\376\377\000A\000u\000f\000t\000e\000i\000l\000u\000n\000g\000\040\000d\000e\000s\000\040\000T\000a\000g\000e\000s\000w\000\344\000r\000m\000e\000b\000e\000d\000a\000r\000f\000s\000\040\000a\000u\000f\000\040\000S\000t\000u\000n\000d\000e\000n}{subsection.13.4}% 64
\BOOKMARK [3][-]{subsubsection.13.4.2}{\376\377\000S\000t\000\374\000n\000d\000l\000i\000c\000h\000e\000\040\000P\000r\000o\000f\000i\000l\000e\000\040\000f\000\374\000r\000\040\000H\000e\000i\000z\000u\000n\000g\000\040\000u\000n\000d\000\040\000W\000a\000r\000m\000w\000a\000s\000s\000e\000r}{subsection.13.4}% 65
\BOOKMARK [2][-]{subsection.13.5}{\376\377\000A\000n\000p\000a\000s\000s\000u\000n\000g\000\040\000d\000e\000s\000\040\000W\000a\000r\000m\000w\000a\000s\000s\000e\000r\000a\000n\000t\000e\000i\000l\000s\000\040\000a\000m\000\040\000G\000e\000s\000a\000m\000t\000w\000\344\000r\000m\000e\000b\000e\000d\000a\000r\000f}{section.13}% 66
\BOOKMARK [2][-]{subsection.13.6}{\376\377\000Z\000u\000s\000a\000m\000m\000e\000n\000f\000a\000s\000s\000u\000n\000g}{section.13}% 67
\BOOKMARK [1][-]{section.14}{\376\377\000W\000\344\000r\000m\000e\000v\000e\000r\000l\000u\000s\000t\000\040\000d\000u\000r\000c\000h\000\040\000T\000r\000a\000n\000s\000m\000i\000s\000s\000i\000o\000n}{}% 68
\BOOKMARK [1][-]{section.15}{\376\377\000W\000\344\000r\000m\000e\000v\000e\000r\000l\000u\000s\000t\000\040\000d\000u\000r\000c\000h\000\040\000L\000\374\000f\000t\000u\000n\000g}{}% 69
\BOOKMARK [1][-]{section.16}{\376\377\000M\000a\000x\000i\000m\000a\000l\000e\000r\000\040\000H\000e\000i\000z\000w\000\344\000r\000m\000e\000b\000e\000d\000a\000r\000f}{}% 70
\BOOKMARK [1][-]{section.17}{\376\377\000J\000\344\000h\000r\000l\000i\000c\000h\000e\000r\000\040\000H\000e\000i\000z\000w\000\344\000r\000m\000e\000b\000e\000d\000a\000r\000f}{}% 71
\BOOKMARK [1][-]{section.18}{\376\377\000J\000\344\000h\000r\000l\000i\000c\000h\000e\000r\000\040\000W\000a\000r\000m\000w\000a\000s\000s\000e\000r\000b\000e\000d\000a\000r\000f}{}% 72
\BOOKMARK [1][-]{section.19}{\376\377\000G\000e\000s\000a\000m\000t\000w\000\344\000r\000m\000e\000b\000e\000d\000a\000r\000f}{}% 73
\BOOKMARK [1][-]{section.20}{\376\377\000B\000e\000i\000s\000p\000i\000e\000l\000r\000e\000c\000h\000n\000u\000n\000g\000e\000n}{}% 74
\BOOKMARK [2][-]{subsection.20.1}{\376\377\000B\000e\000i\000s\000p\000i\000e\000l\000\040\0001\000:\000\040\000E\000i\000n\000f\000a\000m\000i\000l\000i\000e\000n\000h\000a\000u\000s}{section.20}% 75
\BOOKMARK [2][-]{subsection.20.2}{\376\377\000B\000e\000i\000s\000p\000i\000e\000l\000\040\0002\000:\000\040\000M\000e\000h\000r\000f\000a\000m\000i\000l\000i\000e\000n\000h\000a\000u\000s}{section.20}% 76
\BOOKMARK [1][-]{section.21}{\376\377\000E\000i\000n\000l\000e\000i\000t\000u\000n\000g}{}% 77
\BOOKMARK [1][-]{section.22}{\376\377\000M\000o\000d\000e\000l\000l\000i\000e\000r\000u\000n\000g\000\040\000d\000e\000s\000\040\000G\000e\000b\000\344\000u\000d\000e\000s\000\040\000u\000n\000d\000\040\000B\000e\000r\000e\000c\000h\000n\000u\000n\000g\000\040\000d\000e\000s\000\040\000W\000\344\000r\000m\000e\000b\000e\000d\000a\000r\000f\000s}{}% 78
\BOOKMARK [2][-]{subsection.22.1}{\376\377\000U\000-\000W\000e\000r\000t\000e\000\040\000u\000n\000d\000\040\000W\000\344\000r\000m\000e\000v\000e\000r\000l\000u\000s\000t\000e}{section.22}% 79
\BOOKMARK [2][-]{subsection.22.2}{\376\377\000M\000a\000x\000i\000m\000a\000l\000e\000\040\000H\000e\000i\000z\000l\000a\000s\000t\000\040\000u\000n\000d\000\040\000T\000e\000m\000p\000e\000r\000a\000t\000u\000r\000d\000i\000f\000f\000e\000r\000e\000n\000z}{section.22}% 80
\BOOKMARK [2][-]{subsection.22.3}{\376\377\000B\000e\000r\000e\000c\000h\000n\000u\000n\000g\000\040\000d\000e\000s\000\040\000J\000a\000h\000r\000e\000s\000h\000e\000i\000z\000b\000e\000d\000a\000r\000f\000s}{section.22}% 81
\BOOKMARK [2][-]{subsection.22.4}{\376\377\000W\000a\000r\000m\000w\000a\000s\000s\000e\000r\000b\000e\000d\000a\000r\000f}{section.22}% 82
\BOOKMARK [1][-]{section.23}{\376\377\000W\000i\000r\000t\000s\000c\000h\000a\000f\000t\000l\000i\000c\000h\000e\000\040\000A\000n\000a\000l\000y\000s\000e}{}% 83
\BOOKMARK [2][-]{subsection.23.1}{\376\377\000K\000o\000s\000t\000e\000n\000e\000i\000n\000s\000p\000a\000r\000u\000n\000g\000e\000n\000\040\000d\000u\000r\000c\000h\000\040\000S\000a\000n\000i\000e\000r\000u\000n\000g}{section.23}% 84
\BOOKMARK [2][-]{subsection.23.2}{\376\377\000A\000m\000o\000r\000t\000i\000s\000a\000t\000i\000o\000n\000s\000z\000e\000i\000t}{section.23}% 85
\BOOKMARK [2][-]{subsection.23.3}{\376\377\000N\000e\000t\000\040\000P\000r\000e\000s\000e\000n\000t\000\040\000V\000a\000l\000u\000e\000\040\000\050\000N\000P\000V\000\051}{section.23}% 86
\BOOKMARK [2][-]{subsection.23.4}{\376\377\000R\000e\000t\000u\000r\000n\000\040\000o\000n\000\040\000I\000n\000v\000e\000s\000t\000m\000e\000n\000t\000\040\000\050\000R\000O\000I\000\051}{section.23}% 87
\BOOKMARK [1][-]{section.24}{\376\377\000L\000e\000b\000e\000n\000s\000z\000y\000k\000l\000u\000s\000k\000o\000s\000t\000e\000n\000a\000n\000a\000l\000y\000s\000e\000\040\000\050\000L\000C\000C\000A\000\051}{}% 88
\BOOKMARK [1][-]{section.25}{\376\377\000Z\000u\000s\000a\000m\000m\000e\000n\000f\000a\000s\000s\000u\000n\000g}{}% 89
\BOOKMARK [1][-]{section.26}{\376\377\000E\000i\000n\000l\000e\000i\000t\000u\000n\000g}{}% 90
\BOOKMARK [1][-]{section.27}{\376\377\000S\000k\000r\000i\000p\000t\000:\000\040\000p\000p\000\137\000n\000e\000t\000\137\000i\000n\000i\000t\000i\000a\000l\000i\000s\000a\000t\000i\000o\000n\000\137\000g\000e\000o\000j\000s\000o\000n\000.\000p\000y}{}% 91
\BOOKMARK [2][-]{subsection.27.1}{\376\377\000\334\000b\000e\000r\000s\000i\000c\000h\000t}{section.27}% 92
\BOOKMARK [2][-]{subsection.27.2}{\376\377\000W\000i\000c\000h\000t\000i\000g\000e\000\040\000F\000u\000n\000k\000t\000i\000o\000n\000e\000n}{section.27}% 93
\BOOKMARK [3][-]{subsubsection.27.2.1}{\376\377\000F\000u\000n\000k\000t\000i\000o\000n\000:\000\040\000i\000n\000i\000t\000i\000a\000l\000i\000z\000e\000\137\000g\000e\000o\000j\000s\000o\000n\000\050\000v\000o\000r\000l\000a\000u\000f\000,\000\040\000r\000u\000e\000c\000k\000l\000a\000u\000f\000,\000\040\000h\000a\000s\000t\000,\000\040\000e\000r\000z\000e\000u\000g\000e\000r\000a\000n\000l\000a\000g\000e\000n\000,\000\040\000.\000.\000.\000\051}{subsection.27.2}% 94
\BOOKMARK [3][-]{subsubsection.27.2.2}{\376\377\000F\000u\000n\000k\000t\000i\000o\000n\000:\000\040\000c\000r\000e\000a\000t\000e\000\137\000n\000e\000t\000w\000o\000r\000k\000\050\000g\000d\000f\000\137\000f\000l\000o\000w\000\137\000l\000i\000n\000e\000,\000\040\000g\000d\000f\000\137\000r\000e\000t\000u\000r\000n\000\137\000l\000i\000n\000e\000,\000\040\000.\000.\000.\000\051}{subsection.27.2}% 95
\BOOKMARK [3][-]{subsubsection.27.2.3}{\376\377\000F\000u\000n\000k\000t\000i\000o\000n\000:\000\040\000c\000r\000e\000a\000t\000e\000\137\000p\000i\000p\000e\000s\000\050\000n\000e\000t\000,\000\040\000a\000l\000l\000\137\000l\000i\000n\000e\000\137\000c\000o\000o\000r\000d\000s\000,\000\040\000a\000l\000l\000\137\000l\000i\000n\000e\000\137\000l\000e\000n\000g\000t\000h\000s\000,\000\040\000.\000.\000.\000\051}{subsection.27.2}% 96
\BOOKMARK [1][-]{section.28}{\376\377\000S\000k\000r\000i\000p\000t\000:\000\040\000p\000p\000\137\000n\000e\000t\000\137\000t\000i\000m\000e\000\137\000s\000e\000r\000i\000e\000s\000\137\000s\000i\000m\000u\000l\000a\000t\000i\000o\000n\000.\000p\000y}{}% 97
\BOOKMARK [2][-]{subsection.28.1}{\376\377\000\334\000b\000e\000r\000s\000i\000c\000h\000t}{section.28}% 98
\BOOKMARK [2][-]{subsection.28.2}{\376\377\000W\000i\000c\000h\000t\000i\000g\000e\000\040\000F\000u\000n\000k\000t\000i\000o\000n\000e\000n}{section.28}% 99
\BOOKMARK [3][-]{subsubsection.28.2.1}{\376\377\000F\000u\000n\000k\000t\000i\000o\000n\000:\000\040\000u\000p\000d\000a\000t\000e\000\137\000c\000o\000n\000s\000t\000\137\000c\000o\000n\000t\000r\000o\000l\000s\000\050\000n\000e\000t\000,\000\040\000q\000e\000x\000t\000\137\000w\000\137\000p\000r\000o\000f\000i\000l\000e\000s\000,\000\040\000t\000i\000m\000e\000\137\000s\000t\000e\000p\000s\000,\000\040\000s\000t\000a\000r\000t\000,\000\040\000e\000n\000d\000\051}{subsection.28.2}% 100
\BOOKMARK [3][-]{subsubsection.28.2.2}{\376\377\000F\000u\000n\000k\000t\000i\000o\000n\000:\000\040\000u\000p\000d\000a\000t\000e\000\137\000r\000e\000t\000u\000r\000n\000\137\000t\000e\000m\000p\000e\000r\000a\000t\000u\000r\000e\000\137\000c\000o\000n\000t\000r\000o\000l\000l\000e\000r\000\050\000n\000e\000t\000,\000\040\000s\000u\000p\000p\000l\000y\000\137\000t\000e\000m\000p\000e\000r\000a\000t\000u\000r\000e\000\137\000h\000e\000a\000t\000\137\000c\000o\000n\000s\000u\000m\000e\000r\000,\000\040\000r\000e\000t\000u\000r\000n\000\137\000t\000e\000m\000p\000e\000r\000a\000t\000u\000r\000e\000\137\000h\000e\000a\000t\000\137\000c\000o\000n\000s\000u\000m\000e\000r\000,\000\040\000t\000i\000m\000e\000\137\000s\000t\000e\000p\000s\000,\000\040\000s\000t\000a\000r\000t\000,\000\040\000e\000n\000d\000\051}{subsection.28.2}% 101
\BOOKMARK [3][-]{subsubsection.28.2.3}{\376\377\000F\000u\000n\000k\000t\000i\000o\000n\000:\000\040\000t\000h\000e\000r\000m\000o\000h\000y\000d\000r\000a\000u\000l\000i\000c\000\137\000t\000i\000m\000e\000\137\000s\000e\000r\000i\000e\000s\000\137\000n\000e\000t\000\050\000\051}{subsection.28.2}% 102
\BOOKMARK [1][-]{section.29}{\376\377\000S\000k\000r\000i\000p\000t\000:\000\040\000u\000t\000i\000l\000i\000t\000i\000e\000s\000.\000p\000y}{}% 103
\BOOKMARK [2][-]{subsection.29.1}{\376\377\000\334\000b\000e\000r\000s\000i\000c\000h\000t}{section.29}% 104
\BOOKMARK [2][-]{subsection.29.2}{\376\377\000W\000i\000c\000h\000t\000i\000g\000e\000\040\000F\000u\000n\000k\000t\000i\000o\000n\000e\000n}{section.29}% 105
\BOOKMARK [3][-]{subsubsection.29.2.1}{\376\377\000F\000u\000n\000k\000t\000i\000o\000n\000:\000\040\000C\000O\000P\000\137\000W\000P\000\050\000V\000L\000T\000\137\000L\000,\000\040\000Q\000T\000,\000\040\000v\000a\000l\000u\000e\000s\000\051}{subsection.29.2}% 106
\BOOKMARK [3][-]{subsubsection.29.2.2}{\376\377\000F\000u\000n\000k\000t\000i\000o\000n\000:\000\040\000n\000e\000t\000\137\000o\000p\000t\000i\000m\000i\000z\000a\000t\000i\000o\000n\000\050\000n\000e\000t\000,\000\040\000v\000\137\000m\000a\000x\000\137\000p\000i\000p\000e\000,\000\040\000v\000\137\000m\000a\000x\000\137\000h\000e\000a\000t\000\137\000e\000x\000c\000h\000a\000n\000g\000e\000r\000,\000\040\000.\000.\000.\000\051}{subsection.29.2}% 107
\BOOKMARK [1][-]{section.30}{\376\377\000S\000k\000r\000i\000p\000t\000:\000\040\000c\000o\000n\000f\000i\000g\000\137\000p\000l\000o\000t\000.\000p\000y}{}% 108
\BOOKMARK [2][-]{subsection.30.1}{\376\377\000\334\000b\000e\000r\000s\000i\000c\000h\000t}{section.30}% 109
\BOOKMARK [2][-]{subsection.30.2}{\376\377\000W\000i\000c\000h\000t\000i\000g\000e\000\040\000F\000u\000n\000k\000t\000i\000o\000n\000e\000n}{section.30}% 110
\BOOKMARK [3][-]{subsubsection.30.2.1}{\376\377\000F\000u\000n\000k\000t\000i\000o\000n\000:\000\040\000p\000l\000o\000t\000\137\000n\000e\000t\000w\000o\000r\000k\000\050\000n\000e\000t\000,\000\040\000o\000u\000t\000p\000u\000t\000\137\000f\000i\000l\000e\000\051}{subsection.30.2}% 111
\BOOKMARK [2][-]{subsection.30.3}{\376\377\000S\000k\000r\000i\000p\000t\000:\000\040\000c\000o\000n\000t\000r\000o\000l\000l\000e\000r\000s\000.\000p\000y}{section.30}% 112
\BOOKMARK [2][-]{subsection.30.4}{\376\377\000\334\000b\000e\000r\000s\000i\000c\000h\000t}{section.30}% 113
\BOOKMARK [2][-]{subsection.30.5}{\376\377\000W\000i\000c\000h\000t\000i\000g\000e\000\040\000F\000u\000n\000k\000t\000i\000o\000n\000e\000n}{section.30}% 114
\BOOKMARK [3][-]{subsubsection.30.5.1}{\376\377\000F\000u\000n\000k\000t\000i\000o\000n\000:\000\040\000T\000e\000m\000p\000e\000r\000a\000t\000u\000r\000e\000C\000o\000n\000t\000r\000o\000l\000l\000e\000r\000\050\000.\000.\000.\000\051}{subsection.30.5}% 115
\BOOKMARK [1][-]{section.31}{\376\377\000F\000a\000z\000i\000t}{}% 116
\BOOKMARK [1][-]{section.32}{\376\377\000W\000i\000r\000t\000s\000c\000h\000a\000f\000t\000l\000i\000c\000h\000k\000e\000i\000t\000s\000r\000e\000c\000h\000n\000u\000n\000g\000\040\000n\000a\000c\000h\000\040\000V\000D\000I\000\040\0002\0000\0006\0007}{}% 117
\BOOKMARK [2][-]{subsection.32.1}{\376\377\000E\000i\000n\000l\000e\000i\000t\000u\000n\000g}{section.32}% 118
\BOOKMARK [2][-]{subsection.32.2}{\376\377\000D\000i\000e\000\040\000A\000n\000n\000u\000i\000t\000\344\000t}{section.32}% 119
\BOOKMARK [3][-]{subsubsection.32.2.1}{\376\377\000F\000o\000r\000m\000e\000l\000\040\000z\000u\000r\000\040\000B\000e\000r\000e\000c\000h\000n\000u\000n\000g\000\040\000d\000e\000r\000\040\000A\000n\000n\000u\000i\000t\000\344\000t}{subsection.32.2}% 120
\BOOKMARK [3][-]{subsubsection.32.2.2}{\376\377\000K\000a\000p\000i\000t\000a\000l\000g\000e\000b\000u\000n\000d\000e\000n\000e\000\040\000K\000o\000s\000t\000e\000n}{subsection.32.2}% 121
\BOOKMARK [3][-]{subsubsection.32.2.3}{\376\377\000B\000e\000d\000a\000r\000f\000s\000g\000e\000b\000u\000n\000d\000e\000n\000e\000\040\000K\000o\000s\000t\000e\000n}{subsection.32.2}% 122
\BOOKMARK [3][-]{subsubsection.32.2.4}{\376\377\000B\000e\000t\000r\000i\000e\000b\000s\000g\000e\000b\000u\000n\000d\000e\000n\000e\000\040\000K\000o\000s\000t\000e\000n}{subsection.32.2}% 123
\BOOKMARK [3][-]{subsubsection.32.2.5}{\376\377\000S\000o\000n\000s\000t\000i\000g\000e\000\040\000K\000o\000s\000t\000e\000n}{subsection.32.2}% 124
\BOOKMARK [3][-]{subsubsection.32.2.6}{\376\377\000E\000r\000l\000\366\000s\000e}{subsection.32.2}% 125
\BOOKMARK [3][-]{subsubsection.32.2.7}{\376\377\000R\000\374\000c\000k\000g\000a\000b\000e\000w\000e\000r\000t}{subsection.32.2}% 126
\BOOKMARK [2][-]{subsection.32.3}{\376\377\000Z\000u\000s\000a\000m\000m\000e\000n\000f\000a\000s\000s\000u\000n\000g}{section.32}% 127
\BOOKMARK [1][-]{section.33}{\376\377\000H\000e\000a\000t\000P\000u\000m\000p\000\040\000K\000l\000a\000s\000s\000e}{}% 128
\BOOKMARK [2][-]{subsection.33.1}{\376\377\000A\000t\000t\000r\000i\000b\000u\000t\000e}{section.33}% 129
\BOOKMARK [2][-]{subsection.33.2}{\376\377\000M\000e\000t\000h\000o\000d\000e\000n}{section.33}% 130
\BOOKMARK [2][-]{subsection.33.3}{\376\377\000N\000u\000t\000z\000u\000n\000g\000\040\000d\000e\000r\000\040\000M\000e\000t\000h\000o\000d\000e\000n}{section.33}% 131
\BOOKMARK [1][-]{section.34}{\376\377\000G\000e\000o\000t\000h\000e\000r\000m\000a\000l\000\040\000K\000l\000a\000s\000s\000e}{}% 132
\BOOKMARK [2][-]{subsection.34.1}{\376\377\000A\000t\000t\000r\000i\000b\000u\000t\000e}{section.34}% 133
\BOOKMARK [2][-]{subsection.34.2}{\376\377\000M\000e\000t\000h\000o\000d\000e\000n}{section.34}% 134
\BOOKMARK [2][-]{subsection.34.3}{\376\377\000\326\000k\000o\000n\000o\000m\000i\000s\000c\000h\000e\000\040\000u\000n\000d\000\040\000\366\000k\000o\000l\000o\000g\000i\000s\000c\000h\000e\000\040\000\334\000b\000e\000r\000l\000e\000g\000u\000n\000g\000e\000n}{section.34}% 135
\BOOKMARK [2][-]{subsection.34.4}{\376\377\000N\000u\000t\000z\000u\000n\000g\000s\000b\000e\000i\000s\000p\000i\000e\000l}{section.34}% 136
\BOOKMARK [1][-]{section.35}{\376\377\000W\000a\000s\000t\000e\000H\000e\000a\000t\000P\000u\000m\000p\000\040\000K\000l\000a\000s\000s\000e}{}% 137
\BOOKMARK [2][-]{subsection.35.1}{\376\377\000A\000t\000t\000r\000i\000b\000u\000t\000e}{section.35}% 138
\BOOKMARK [2][-]{subsection.35.2}{\376\377\000M\000e\000t\000h\000o\000d\000e\000n}{section.35}% 139
\BOOKMARK [2][-]{subsection.35.3}{\376\377\000\326\000k\000o\000n\000o\000m\000i\000s\000c\000h\000e\000\040\000u\000n\000d\000\040\000\366\000k\000o\000l\000o\000g\000i\000s\000c\000h\000e\000\040\000\334\000b\000e\000r\000l\000e\000g\000u\000n\000g\000e\000n}{section.35}% 140
\BOOKMARK [2][-]{subsection.35.4}{\376\377\000N\000u\000t\000z\000u\000n\000g\000s\000b\000e\000i\000s\000p\000i\000e\000l}{section.35}% 141
\BOOKMARK [1][-]{section.36}{\376\377\000R\000i\000v\000e\000r\000H\000e\000a\000t\000P\000u\000m\000p\000\040\000K\000l\000a\000s\000s\000e}{}% 142
\BOOKMARK [2][-]{subsection.36.1}{\376\377\000A\000t\000t\000r\000i\000b\000u\000t\000e}{section.36}% 143
\BOOKMARK [2][-]{subsection.36.2}{\376\377\000M\000e\000t\000h\000o\000d\000e\000n}{section.36}% 144
\BOOKMARK [2][-]{subsection.36.3}{\376\377\000\326\000k\000o\000n\000o\000m\000i\000s\000c\000h\000e\000\040\000u\000n\000d\000\040\000\366\000k\000o\000l\000o\000g\000i\000s\000c\000h\000e\000\040\000\334\000b\000e\000r\000l\000e\000g\000u\000n\000g\000e\000n}{section.36}% 145
\BOOKMARK [2][-]{subsection.36.4}{\376\377\000N\000u\000t\000z\000u\000n\000g\000s\000b\000e\000i\000s\000p\000i\000e\000l}{section.36}% 146
\BOOKMARK [1][-]{section.37}{\376\377\000A\000q\000v\000a\000H\000e\000a\000t\000\040\000K\000l\000a\000s\000s\000e}{}% 147
\BOOKMARK [2][-]{subsection.37.1}{\376\377\000A\000t\000t\000r\000i\000b\000u\000t\000e}{section.37}% 148
\BOOKMARK [2][-]{subsection.37.2}{\376\377\000M\000e\000t\000h\000o\000d\000e\000n}{section.37}% 149
\BOOKMARK [2][-]{subsection.37.3}{\376\377\000\326\000k\000o\000n\000o\000m\000i\000s\000c\000h\000e\000\040\000u\000n\000d\000\040\000\366\000k\000o\000l\000o\000g\000i\000s\000c\000h\000e\000\040\000\334\000b\000e\000r\000l\000e\000g\000u\000n\000g\000e\000n}{section.37}% 150
\BOOKMARK [2][-]{subsection.37.4}{\376\377\000N\000u\000t\000z\000u\000n\000g\000s\000b\000e\000i\000s\000p\000i\000e\000l}{section.37}% 151
\BOOKMARK [1][-]{section.38}{\376\377\000C\000H\000P\000\040\000K\000l\000a\000s\000s\000e}{}% 152
\BOOKMARK [2][-]{subsection.38.1}{\376\377\000A\000t\000t\000r\000i\000b\000u\000t\000e}{section.38}% 153
\BOOKMARK [2][-]{subsection.38.2}{\376\377\000M\000e\000t\000h\000o\000d\000e\000n}{section.38}% 154
\BOOKMARK [2][-]{subsection.38.3}{\376\377\000\326\000k\000o\000n\000o\000m\000i\000s\000c\000h\000e\000\040\000u\000n\000d\000\040\000\366\000k\000o\000l\000o\000g\000i\000s\000c\000h\000e\000\040\000\334\000b\000e\000r\000l\000e\000g\000u\000n\000g\000e\000n}{section.38}% 155
\BOOKMARK [2][-]{subsection.38.4}{\376\377\000N\000u\000t\000z\000u\000n\000g\000s\000b\000e\000i\000s\000p\000i\000e\000l}{section.38}% 156
\BOOKMARK [1][-]{section.39}{\376\377\000B\000i\000o\000m\000a\000s\000s\000B\000o\000i\000l\000e\000r\000\040\000K\000l\000a\000s\000s\000e}{}% 157
\BOOKMARK [2][-]{subsection.39.1}{\376\377\000A\000t\000t\000r\000i\000b\000u\000t\000e}{section.39}% 158
\BOOKMARK [2][-]{subsection.39.2}{\376\377\000M\000e\000t\000h\000o\000d\000e\000n}{section.39}% 159
\BOOKMARK [2][-]{subsection.39.3}{\376\377\000\326\000k\000o\000n\000o\000m\000i\000s\000c\000h\000e\000\040\000u\000n\000d\000\040\000\366\000k\000o\000l\000o\000g\000i\000s\000c\000h\000e\000\040\000\334\000b\000e\000r\000l\000e\000g\000u\000n\000g\000e\000n}{section.39}% 160
\BOOKMARK [2][-]{subsection.39.4}{\376\377\000N\000u\000t\000z\000u\000n\000g\000s\000b\000e\000i\000s\000p\000i\000e\000l}{section.39}% 161
\BOOKMARK [1][-]{section.40}{\376\377\000G\000a\000s\000B\000o\000i\000l\000e\000r\000\040\000K\000l\000a\000s\000s\000e}{}% 162
\BOOKMARK [2][-]{subsection.40.1}{\376\377\000A\000t\000t\000r\000i\000b\000u\000t\000e}{section.40}% 163
\BOOKMARK [2][-]{subsection.40.2}{\376\377\000M\000e\000t\000h\000o\000d\000e\000n}{section.40}% 164
\BOOKMARK [3][-]{subsubsection.40.2.1}{\376\377\000s\000i\000m\000u\000l\000a\000t\000e\000\137\000o\000p\000e\000r\000a\000t\000i\000o\000n\000\050\000L\000a\000s\000t\000\137\000L\000,\000\040\000d\000u\000r\000a\000t\000i\000o\000n\000\051}{subsection.40.2}% 165
\BOOKMARK [3][-]{subsubsection.40.2.2}{\376\377\000c\000a\000l\000c\000u\000l\000a\000t\000e\000\137\000h\000e\000a\000t\000\137\000g\000e\000n\000e\000r\000a\000t\000i\000o\000n\000\137\000c\000o\000s\000t\000\050\000B\000r\000e\000n\000n\000s\000t\000o\000f\000f\000k\000o\000s\000t\000e\000n\000,\000\040\000q\000,\000\040\000r\000,\000\040\000T\000,\000\040\000B\000E\000W\000,\000\040\000s\000t\000u\000n\000d\000e\000n\000s\000a\000t\000z\000\051}{subsection.40.2}% 166
\BOOKMARK [3][-]{subsubsection.40.2.3}{\376\377\000c\000a\000l\000c\000u\000l\000a\000t\000e\000\050\000G\000a\000s\000p\000r\000e\000i\000s\000,\000\040\000q\000,\000\040\000r\000,\000\040\000T\000,\000\040\000B\000E\000W\000,\000\040\000s\000t\000u\000n\000d\000e\000n\000s\000a\000t\000z\000,\000\040\000d\000u\000r\000a\000t\000i\000o\000n\000,\000\040\000L\000a\000s\000t\000\137\000L\000,\000\040\000g\000e\000n\000e\000r\000a\000l\000\137\000r\000e\000s\000u\000l\000t\000s\000\051}{subsection.40.2}% 167
\BOOKMARK [2][-]{subsection.40.3}{\376\377\000\326\000k\000o\000n\000o\000m\000i\000s\000c\000h\000e\000\040\000u\000n\000d\000\040\000\366\000k\000o\000l\000o\000g\000i\000s\000c\000h\000e\000\040\000\334\000b\000e\000r\000l\000e\000g\000u\000n\000g\000e\000n}{section.40}% 168
\BOOKMARK [2][-]{subsection.40.4}{\376\377\000N\000u\000t\000z\000u\000n\000g\000s\000b\000e\000i\000s\000p\000i\000e\000l}{section.40}% 169
\BOOKMARK [1][-]{section.41}{\376\377\000E\000i\000n\000l\000e\000i\000t\000u\000n\000g}{}% 170
\BOOKMARK [1][-]{section.42}{\376\377\000B\000e\000r\000e\000c\000h\000n\000u\000n\000g\000\040\000d\000e\000r\000\040\000S\000o\000l\000a\000r\000s\000t\000r\000a\000h\000l\000u\000n\000g}{}% 171
\BOOKMARK [2][-]{subsection.42.1}{\376\377\000B\000e\000r\000e\000c\000h\000n\000u\000n\000g\000\040\000d\000e\000s\000\040\000T\000a\000g\000w\000i\000n\000k\000e\000l\000s\000\040\000u\000n\000d\000\040\000d\000e\000r\000\040\000Z\000e\000i\000t\000k\000o\000r\000r\000e\000k\000t\000u\000r}{section.42}% 172
\BOOKMARK [2][-]{subsection.42.2}{\376\377\000B\000e\000r\000e\000c\000h\000n\000u\000n\000g\000\040\000d\000e\000r\000\040\000S\000o\000n\000n\000e\000n\000z\000e\000i\000t}{section.42}% 173
\BOOKMARK [2][-]{subsection.42.3}{\376\377\000S\000o\000n\000n\000e\000n\000z\000e\000n\000i\000t\000w\000i\000n\000k\000e\000l\000\040\000u\000n\000d\000\040\000D\000e\000k\000l\000i\000n\000a\000t\000i\000o\000n\000\040\000d\000e\000r\000\040\000S\000o\000n\000n\000e}{section.42}% 174
\BOOKMARK [2][-]{subsection.42.4}{\376\377\000B\000e\000r\000e\000c\000h\000n\000u\000n\000g\000\040\000d\000e\000s\000\040\000S\000o\000n\000n\000e\000n\000a\000z\000i\000m\000u\000t\000w\000i\000n\000k\000e\000l\000s}{section.42}% 175
\BOOKMARK [2][-]{subsection.42.5}{\376\377\000B\000e\000r\000e\000c\000h\000n\000u\000n\000g\000\040\000d\000e\000s\000\040\000E\000i\000n\000f\000a\000l\000l\000s\000w\000i\000n\000k\000e\000l\000s\000\040\000a\000u\000f\000\040\000d\000i\000e\000\040\000K\000o\000l\000l\000e\000k\000t\000o\000r\000f\000l\000\344\000c\000h\000e}{section.42}% 176
\BOOKMARK [2][-]{subsection.42.6}{\376\377\000B\000e\000r\000e\000c\000h\000n\000u\000n\000g\000\040\000d\000e\000r\000\040\000d\000i\000r\000e\000k\000t\000e\000n\000\040\000u\000n\000d\000\040\000d\000i\000f\000f\000u\000s\000e\000n\000\040\000S\000t\000r\000a\000h\000l\000u\000n\000g}{section.42}% 177
\BOOKMARK [2][-]{subsection.42.7}{\376\377\000A\000t\000m\000o\000s\000p\000h\000\344\000r\000i\000s\000c\000h\000e\000r\000\040\000D\000i\000f\000f\000u\000s\000a\000n\000t\000e\000i\000l\000\040\000u\000n\000d\000\040\000G\000e\000s\000a\000m\000t\000s\000t\000r\000a\000h\000l\000u\000n\000g}{section.42}% 178
\BOOKMARK [1][-]{section.43}{\376\377\000Z\000u\000s\000a\000m\000m\000e\000n\000f\000a\000s\000s\000u\000n\000g}{}% 179
\BOOKMARK [1][-]{section.44}{\376\377\000S\000o\000l\000a\000r\000T\000h\000e\000r\000m\000a\000l\000\040\000K\000l\000a\000s\000s\000e}{}% 180
\BOOKMARK [2][-]{subsection.44.1}{\376\377\000A\000t\000t\000r\000i\000b\000u\000t\000e}{section.44}% 181
\BOOKMARK [2][-]{subsection.44.2}{\376\377\000M\000e\000t\000h\000o\000d\000e\000n}{section.44}% 182
\BOOKMARK [2][-]{subsection.44.3}{\376\377\000E\000r\000t\000r\000a\000g\000s\000b\000e\000r\000e\000c\000h\000n\000u\000n\000g}{section.44}% 183
\BOOKMARK [3][-]{subsubsection.44.3.1}{\376\377\000D\000e\000f\000i\000n\000i\000t\000i\000o\000n\000\040\000v\000o\000n\000\040\000S\000o\000l\000a\000r\000k\000o\000l\000l\000e\000k\000t\000o\000r\000e\000n\000\040\000u\000n\000d\000\040\000i\000h\000r\000e\000n\000\040\000E\000i\000g\000e\000n\000s\000c\000h\000a\000f\000t\000e\000n}{subsection.44.3}% 184
\BOOKMARK [3][-]{subsubsection.44.3.2}{\376\377\000B\000e\000r\000e\000c\000h\000n\000u\000n\000g\000\040\000d\000e\000r\000\040\000S\000o\000l\000a\000r\000s\000t\000r\000a\000h\000l\000u\000n\000g}{subsection.44.3}% 185
\BOOKMARK [3][-]{subsubsection.44.3.3}{\376\377\000B\000e\000r\000e\000c\000h\000n\000u\000n\000g\000\040\000d\000e\000r\000\040\000K\000o\000l\000l\000e\000k\000t\000o\000r\000f\000e\000l\000d\000l\000e\000i\000s\000t\000u\000n\000g}{subsection.44.3}% 186
\BOOKMARK [3][-]{subsubsection.44.3.4}{\376\377\000B\000e\000r\000e\000c\000h\000n\000u\000n\000g\000\040\000d\000e\000r\000\040\000R\000o\000h\000r\000l\000e\000i\000t\000u\000n\000g\000s\000v\000e\000r\000l\000u\000s\000t\000e}{subsection.44.3}% 187
\BOOKMARK [3][-]{subsubsection.44.3.5}{\376\377\000S\000p\000e\000i\000c\000h\000e\000r\000b\000e\000r\000e\000c\000h\000n\000u\000n\000g}{subsection.44.3}% 188
\BOOKMARK [3][-]{subsubsection.44.3.6}{\376\377\000W\000\344\000r\000m\000e\000o\000u\000t\000p\000u\000t\000\040\000u\000n\000d\000\040\000S\000t\000a\000g\000n\000a\000t\000i\000o\000n}{subsection.44.3}% 189
\BOOKMARK [2][-]{subsection.44.4}{\376\377\000W\000i\000r\000t\000s\000c\000h\000a\000f\000t\000l\000i\000c\000h\000e\000\040\000u\000n\000d\000\040\000\366\000k\000o\000l\000o\000g\000i\000s\000c\000h\000e\000\040\000\334\000b\000e\000r\000l\000e\000g\000u\000n\000g\000e\000n}{section.44}% 190
\BOOKMARK [2][-]{subsection.44.5}{\376\377\000N\000u\000t\000z\000u\000n\000g\000s\000b\000e\000i\000s\000p\000i\000e\000l}{section.44}% 191
\BOOKMARK [1][-]{section.45}{\376\377\000E\000i\000n\000l\000e\000i\000t\000u\000n\000g}{}% 192
\BOOKMARK [1][-]{section.46}{\376\377\000B\000e\000r\000e\000c\000h\000n\000u\000n\000g\000\040\000d\000e\000r\000\040\000P\000h\000o\000t\000o\000v\000o\000l\000t\000a\000i\000k\000-\000L\000e\000i\000s\000t\000u\000n\000g}{}% 193
\BOOKMARK [2][-]{subsection.46.1}{\376\377\000E\000i\000n\000g\000a\000n\000g\000s\000p\000a\000r\000a\000m\000e\000t\000e\000r}{section.46}% 194
\BOOKMARK [2][-]{subsection.46.2}{\376\377\000B\000e\000r\000e\000c\000h\000n\000u\000n\000g\000\040\000d\000e\000r\000\040\000S\000o\000l\000a\000r\000s\000t\000r\000a\000h\000l\000u\000n\000g}{section.46}% 195
\BOOKMARK [2][-]{subsection.46.3}{\376\377\000P\000h\000o\000t\000o\000v\000o\000l\000t\000a\000i\000k\000-\000L\000e\000i\000s\000t\000u\000n\000g\000s\000b\000e\000r\000e\000c\000h\000n\000u\000n\000g}{section.46}% 196
\BOOKMARK [2][-]{subsection.46.4}{\376\377\000B\000e\000r\000e\000c\000h\000n\000u\000n\000g\000\040\000d\000e\000r\000\040\000M\000o\000d\000u\000l\000t\000e\000m\000p\000e\000r\000a\000t\000u\000r}{section.46}% 197
\BOOKMARK [2][-]{subsection.46.5}{\376\377\000R\000e\000l\000a\000t\000i\000v\000e\000\040\000E\000f\000f\000i\000z\000i\000e\000n\000z}{section.46}% 198
\BOOKMARK [1][-]{section.47}{\376\377\000E\000r\000g\000e\000b\000n\000i\000s\000s\000e\000\040\000u\000n\000d\000\040\000B\000e\000r\000e\000c\000h\000n\000u\000n\000g\000e\000n\000\040\000f\000\374\000r\000\040\000G\000e\000b\000\344\000u\000d\000e}{}% 199
\BOOKMARK [1][-]{section.48}{\376\377\000Z\000u\000s\000a\000m\000m\000e\000n\000f\000a\000s\000s\000u\000n\000g}{}% 200
\BOOKMARK [1][-]{section.49}{\376\377\000O\000p\000t\000i\000m\000i\000e\000r\000u\000n\000g\000s\000f\000u\000n\000k\000t\000i\000o\000n\000\040\000f\000\374\000r\000\040\000d\000e\000n\000\040\000E\000r\000z\000e\000u\000g\000e\000r\000m\000i\000x}{}% 201
\BOOKMARK [2][-]{subsection.49.1}{\376\377\000E\000i\000n\000l\000e\000i\000t\000u\000n\000g}{section.49}% 202
\BOOKMARK [2][-]{subsection.49.2}{\376\377\000M\000a\000t\000h\000e\000m\000a\000t\000i\000s\000c\000h\000e\000s\000\040\000M\000o\000d\000e\000l\000l}{section.49}% 203
\BOOKMARK [3][-]{subsubsection.49.2.1}{\376\377\000E\000i\000n\000g\000a\000n\000g\000s\000p\000a\000r\000a\000m\000e\000t\000e\000r}{subsection.49.2}% 204
\BOOKMARK [3][-]{subsubsection.49.2.2}{\376\377\000B\000e\000r\000e\000c\000h\000n\000u\000n\000g\000s\000l\000o\000g\000i\000k}{subsection.49.2}% 205
\BOOKMARK [3][-]{subsubsection.49.2.3}{\376\377\000T\000e\000c\000h\000n\000o\000l\000o\000g\000i\000e\000s\000p\000e\000z\000i\000f\000i\000s\000c\000h\000e\000\040\000B\000e\000r\000e\000c\000h\000n\000u\000n\000g}{subsection.49.2}% 206
\BOOKMARK [2][-]{subsection.49.3}{\376\377\000K\000a\000p\000i\000t\000a\000l\000-\000\040\000u\000n\000d\000\040\000E\000m\000i\000s\000s\000i\000o\000n\000s\000k\000o\000s\000t\000e\000n}{section.49}% 207
\BOOKMARK [2][-]{subsection.49.4}{\376\377\000Z\000u\000s\000a\000m\000m\000e\000n\000f\000a\000s\000s\000u\000n\000g}{section.49}% 208
\BOOKMARK [1][-]{section.50}{\376\377\000B\000e\000r\000e\000c\000h\000n\000u\000n\000g\000s\000f\000u\000n\000k\000t\000i\000o\000n\000\040\000f\000\374\000r\000\040\000d\000e\000n\000\040\000E\000r\000z\000e\000u\000g\000e\000r\000m\000i\000x}{}% 209
\BOOKMARK [2][-]{subsection.50.1}{\376\377\000E\000i\000n\000l\000e\000i\000t\000u\000n\000g}{section.50}% 210
\BOOKMARK [2][-]{subsection.50.2}{\376\377\000M\000a\000t\000h\000e\000m\000a\000t\000i\000s\000c\000h\000e\000s\000\040\000M\000o\000d\000e\000l\000l}{section.50}% 211
\BOOKMARK [3][-]{subsubsection.50.2.1}{\376\377\000Z\000i\000e\000l\000g\000r\000\366\000\337\000e\000n}{subsection.50.2}% 212
\BOOKMARK [3][-]{subsubsection.50.2.2}{\376\377\000O\000p\000t\000i\000m\000i\000e\000r\000u\000n\000g\000s\000v\000e\000r\000f\000a\000h\000r\000e\000n}{subsection.50.2}% 213
\BOOKMARK [3][-]{subsubsection.50.2.3}{\376\377\000N\000e\000b\000e\000n\000b\000e\000d\000i\000n\000g\000u\000n\000g\000e\000n}{subsection.50.2}% 214
\BOOKMARK [2][-]{subsection.50.3}{\376\377\000E\000r\000g\000e\000b\000n\000i\000s}{section.50}% 215
\BOOKMARK [2][-]{subsection.50.4}{\376\377\000Z\000u\000s\000a\000m\000m\000e\000n\000f\000a\000s\000s\000u\000n\000g}{section.50}% 216
\BOOKMARK [1][-]{section.51}{\376\377\000F\000a\000z\000i\000t}{}% 217
