\BOOKMARK [1][-]{section.1}{\376\377\000E\000i\000n\000l\000e\000i\000t\000u\000n\000g}{}% 1
\BOOKMARK [1][-]{section.2}{\376\377\000W\000i\000r\000t\000s\000c\000h\000a\000f\000t\000l\000i\000c\000h\000k\000e\000i\000t\000s\000r\000e\000c\000h\000n\000u\000n\000g\000\040\000n\000a\000c\000h\000\040\000V\000D\000I\000\040\0002\0000\0006\0007}{}% 2
\BOOKMARK [2][-]{subsection.2.1}{\376\377\000E\000i\000n\000l\000e\000i\000t\000u\000n\000g}{section.2}% 3
\BOOKMARK [2][-]{subsection.2.2}{\376\377\000D\000i\000e\000\040\000A\000n\000n\000u\000i\000t\000\344\000t}{section.2}% 4
\BOOKMARK [3][-]{subsubsection.2.2.1}{\376\377\000F\000o\000r\000m\000e\000l\000\040\000z\000u\000r\000\040\000B\000e\000r\000e\000c\000h\000n\000u\000n\000g\000\040\000d\000e\000r\000\040\000A\000n\000n\000u\000i\000t\000\344\000t}{subsection.2.2}% 5
\BOOKMARK [3][-]{subsubsection.2.2.2}{\376\377\000K\000a\000p\000i\000t\000a\000l\000g\000e\000b\000u\000n\000d\000e\000n\000e\000\040\000K\000o\000s\000t\000e\000n}{subsection.2.2}% 6
\BOOKMARK [3][-]{subsubsection.2.2.3}{\376\377\000B\000e\000d\000a\000r\000f\000s\000g\000e\000b\000u\000n\000d\000e\000n\000e\000\040\000K\000o\000s\000t\000e\000n}{subsection.2.2}% 7
\BOOKMARK [3][-]{subsubsection.2.2.4}{\376\377\000B\000e\000t\000r\000i\000e\000b\000s\000g\000e\000b\000u\000n\000d\000e\000n\000e\000\040\000K\000o\000s\000t\000e\000n}{subsection.2.2}% 8
\BOOKMARK [3][-]{subsubsection.2.2.5}{\376\377\000S\000o\000n\000s\000t\000i\000g\000e\000\040\000K\000o\000s\000t\000e\000n}{subsection.2.2}% 9
\BOOKMARK [3][-]{subsubsection.2.2.6}{\376\377\000E\000r\000l\000\366\000s\000e}{subsection.2.2}% 10
\BOOKMARK [3][-]{subsubsection.2.2.7}{\376\377\000R\000\374\000c\000k\000g\000a\000b\000e\000w\000e\000r\000t}{subsection.2.2}% 11
\BOOKMARK [2][-]{subsection.2.3}{\376\377\000Z\000u\000s\000a\000m\000m\000e\000n\000f\000a\000s\000s\000u\000n\000g}{section.2}% 12
\BOOKMARK [1][-]{section.3}{\376\377\000H\000e\000a\000t\000P\000u\000m\000p\000\040\000K\000l\000a\000s\000s\000e}{}% 13
\BOOKMARK [2][-]{subsection.3.1}{\376\377\000A\000t\000t\000r\000i\000b\000u\000t\000e}{section.3}% 14
\BOOKMARK [2][-]{subsection.3.2}{\376\377\000M\000e\000t\000h\000o\000d\000e\000n}{section.3}% 15
\BOOKMARK [2][-]{subsection.3.3}{\376\377\000N\000u\000t\000z\000u\000n\000g\000\040\000d\000e\000r\000\040\000M\000e\000t\000h\000o\000d\000e\000n}{section.3}% 16
\BOOKMARK [1][-]{section.4}{\376\377\000G\000e\000o\000t\000h\000e\000r\000m\000a\000l\000\040\000K\000l\000a\000s\000s\000e}{}% 17
\BOOKMARK [2][-]{subsection.4.1}{\376\377\000A\000t\000t\000r\000i\000b\000u\000t\000e}{section.4}% 18
\BOOKMARK [2][-]{subsection.4.2}{\376\377\000M\000e\000t\000h\000o\000d\000e\000n}{section.4}% 19
\BOOKMARK [2][-]{subsection.4.3}{\376\377\000\326\000k\000o\000n\000o\000m\000i\000s\000c\000h\000e\000\040\000u\000n\000d\000\040\000\366\000k\000o\000l\000o\000g\000i\000s\000c\000h\000e\000\040\000\334\000b\000e\000r\000l\000e\000g\000u\000n\000g\000e\000n}{section.4}% 20
\BOOKMARK [2][-]{subsection.4.4}{\376\377\000N\000u\000t\000z\000u\000n\000g\000s\000b\000e\000i\000s\000p\000i\000e\000l}{section.4}% 21
\BOOKMARK [1][-]{section.5}{\376\377\000W\000a\000s\000t\000e\000H\000e\000a\000t\000P\000u\000m\000p\000\040\000K\000l\000a\000s\000s\000e}{}% 22
\BOOKMARK [2][-]{subsection.5.1}{\376\377\000A\000t\000t\000r\000i\000b\000u\000t\000e}{section.5}% 23
\BOOKMARK [2][-]{subsection.5.2}{\376\377\000M\000e\000t\000h\000o\000d\000e\000n}{section.5}% 24
\BOOKMARK [2][-]{subsection.5.3}{\376\377\000\326\000k\000o\000n\000o\000m\000i\000s\000c\000h\000e\000\040\000u\000n\000d\000\040\000\366\000k\000o\000l\000o\000g\000i\000s\000c\000h\000e\000\040\000\334\000b\000e\000r\000l\000e\000g\000u\000n\000g\000e\000n}{section.5}% 25
\BOOKMARK [2][-]{subsection.5.4}{\376\377\000N\000u\000t\000z\000u\000n\000g\000s\000b\000e\000i\000s\000p\000i\000e\000l}{section.5}% 26
\BOOKMARK [1][-]{section.6}{\376\377\000R\000i\000v\000e\000r\000H\000e\000a\000t\000P\000u\000m\000p\000\040\000K\000l\000a\000s\000s\000e}{}% 27
\BOOKMARK [2][-]{subsection.6.1}{\376\377\000A\000t\000t\000r\000i\000b\000u\000t\000e}{section.6}% 28
\BOOKMARK [2][-]{subsection.6.2}{\376\377\000M\000e\000t\000h\000o\000d\000e\000n}{section.6}% 29
\BOOKMARK [2][-]{subsection.6.3}{\376\377\000\326\000k\000o\000n\000o\000m\000i\000s\000c\000h\000e\000\040\000u\000n\000d\000\040\000\366\000k\000o\000l\000o\000g\000i\000s\000c\000h\000e\000\040\000\334\000b\000e\000r\000l\000e\000g\000u\000n\000g\000e\000n}{section.6}% 30
\BOOKMARK [2][-]{subsection.6.4}{\376\377\000N\000u\000t\000z\000u\000n\000g\000s\000b\000e\000i\000s\000p\000i\000e\000l}{section.6}% 31
\BOOKMARK [1][-]{section.7}{\376\377\000A\000q\000v\000a\000H\000e\000a\000t\000\040\000K\000l\000a\000s\000s\000e}{}% 32
\BOOKMARK [2][-]{subsection.7.1}{\376\377\000A\000t\000t\000r\000i\000b\000u\000t\000e}{section.7}% 33
\BOOKMARK [2][-]{subsection.7.2}{\376\377\000M\000e\000t\000h\000o\000d\000e\000n}{section.7}% 34
\BOOKMARK [2][-]{subsection.7.3}{\376\377\000\326\000k\000o\000n\000o\000m\000i\000s\000c\000h\000e\000\040\000u\000n\000d\000\040\000\366\000k\000o\000l\000o\000g\000i\000s\000c\000h\000e\000\040\000\334\000b\000e\000r\000l\000e\000g\000u\000n\000g\000e\000n}{section.7}% 35
\BOOKMARK [2][-]{subsection.7.4}{\376\377\000N\000u\000t\000z\000u\000n\000g\000s\000b\000e\000i\000s\000p\000i\000e\000l}{section.7}% 36
\BOOKMARK [1][-]{section.8}{\376\377\000C\000H\000P\000\040\000K\000l\000a\000s\000s\000e}{}% 37
\BOOKMARK [2][-]{subsection.8.1}{\376\377\000A\000t\000t\000r\000i\000b\000u\000t\000e}{section.8}% 38
\BOOKMARK [2][-]{subsection.8.2}{\376\377\000M\000e\000t\000h\000o\000d\000e\000n}{section.8}% 39
\BOOKMARK [2][-]{subsection.8.3}{\376\377\000\326\000k\000o\000n\000o\000m\000i\000s\000c\000h\000e\000\040\000u\000n\000d\000\040\000\366\000k\000o\000l\000o\000g\000i\000s\000c\000h\000e\000\040\000\334\000b\000e\000r\000l\000e\000g\000u\000n\000g\000e\000n}{section.8}% 40
\BOOKMARK [2][-]{subsection.8.4}{\376\377\000N\000u\000t\000z\000u\000n\000g\000s\000b\000e\000i\000s\000p\000i\000e\000l}{section.8}% 41
\BOOKMARK [1][-]{section.9}{\376\377\000B\000i\000o\000m\000a\000s\000s\000B\000o\000i\000l\000e\000r\000\040\000K\000l\000a\000s\000s\000e}{}% 42
\BOOKMARK [2][-]{subsection.9.1}{\376\377\000A\000t\000t\000r\000i\000b\000u\000t\000e}{section.9}% 43
\BOOKMARK [2][-]{subsection.9.2}{\376\377\000M\000e\000t\000h\000o\000d\000e\000n}{section.9}% 44
\BOOKMARK [2][-]{subsection.9.3}{\376\377\000\326\000k\000o\000n\000o\000m\000i\000s\000c\000h\000e\000\040\000u\000n\000d\000\040\000\366\000k\000o\000l\000o\000g\000i\000s\000c\000h\000e\000\040\000\334\000b\000e\000r\000l\000e\000g\000u\000n\000g\000e\000n}{section.9}% 45
\BOOKMARK [2][-]{subsection.9.4}{\376\377\000N\000u\000t\000z\000u\000n\000g\000s\000b\000e\000i\000s\000p\000i\000e\000l}{section.9}% 46
\BOOKMARK [1][-]{section.10}{\376\377\000G\000a\000s\000B\000o\000i\000l\000e\000r\000\040\000K\000l\000a\000s\000s\000e}{}% 47
\BOOKMARK [2][-]{subsection.10.1}{\376\377\000A\000t\000t\000r\000i\000b\000u\000t\000e}{section.10}% 48
\BOOKMARK [2][-]{subsection.10.2}{\376\377\000M\000e\000t\000h\000o\000d\000e\000n}{section.10}% 49
\BOOKMARK [3][-]{subsubsection.10.2.1}{\376\377\000s\000i\000m\000u\000l\000a\000t\000e\000\137\000o\000p\000e\000r\000a\000t\000i\000o\000n\000\050\000L\000a\000s\000t\000\137\000L\000,\000\040\000d\000u\000r\000a\000t\000i\000o\000n\000\051}{subsection.10.2}% 50
\BOOKMARK [3][-]{subsubsection.10.2.2}{\376\377\000c\000a\000l\000c\000u\000l\000a\000t\000e\000\137\000h\000e\000a\000t\000\137\000g\000e\000n\000e\000r\000a\000t\000i\000o\000n\000\137\000c\000o\000s\000t\000\050\000B\000r\000e\000n\000n\000s\000t\000o\000f\000f\000k\000o\000s\000t\000e\000n\000,\000\040\000q\000,\000\040\000r\000,\000\040\000T\000,\000\040\000B\000E\000W\000,\000\040\000s\000t\000u\000n\000d\000e\000n\000s\000a\000t\000z\000\051}{subsection.10.2}% 51
\BOOKMARK [3][-]{subsubsection.10.2.3}{\376\377\000c\000a\000l\000c\000u\000l\000a\000t\000e\000\050\000G\000a\000s\000p\000r\000e\000i\000s\000,\000\040\000q\000,\000\040\000r\000,\000\040\000T\000,\000\040\000B\000E\000W\000,\000\040\000s\000t\000u\000n\000d\000e\000n\000s\000a\000t\000z\000,\000\040\000d\000u\000r\000a\000t\000i\000o\000n\000,\000\040\000L\000a\000s\000t\000\137\000L\000,\000\040\000g\000e\000n\000e\000r\000a\000l\000\137\000r\000e\000s\000u\000l\000t\000s\000\051}{subsection.10.2}% 52
\BOOKMARK [2][-]{subsection.10.3}{\376\377\000\326\000k\000o\000n\000o\000m\000i\000s\000c\000h\000e\000\040\000u\000n\000d\000\040\000\366\000k\000o\000l\000o\000g\000i\000s\000c\000h\000e\000\040\000\334\000b\000e\000r\000l\000e\000g\000u\000n\000g\000e\000n}{section.10}% 53
\BOOKMARK [2][-]{subsection.10.4}{\376\377\000N\000u\000t\000z\000u\000n\000g\000s\000b\000e\000i\000s\000p\000i\000e\000l}{section.10}% 54
\BOOKMARK [1][-]{section.11}{\376\377\000S\000o\000l\000a\000r\000T\000h\000e\000r\000m\000a\000l\000\040\000K\000l\000a\000s\000s\000e}{}% 55
\BOOKMARK [2][-]{subsection.11.1}{\376\377\000A\000t\000t\000r\000i\000b\000u\000t\000e}{section.11}% 56
\BOOKMARK [2][-]{subsection.11.2}{\376\377\000M\000e\000t\000h\000o\000d\000e\000n}{section.11}% 57
\BOOKMARK [2][-]{subsection.11.3}{\376\377\000E\000r\000t\000r\000a\000g\000s\000b\000e\000r\000e\000c\000h\000n\000u\000n\000g}{section.11}% 58
\BOOKMARK [3][-]{subsubsection.11.3.1}{\376\377\000D\000e\000f\000i\000n\000i\000t\000i\000o\000n\000\040\000v\000o\000n\000\040\000S\000o\000l\000a\000r\000k\000o\000l\000l\000e\000k\000t\000o\000r\000e\000n\000\040\000u\000n\000d\000\040\000i\000h\000r\000e\000n\000\040\000E\000i\000g\000e\000n\000s\000c\000h\000a\000f\000t\000e\000n}{subsection.11.3}% 59
\BOOKMARK [3][-]{subsubsection.11.3.2}{\376\377\000B\000e\000r\000e\000c\000h\000n\000u\000n\000g\000\040\000d\000e\000r\000\040\000S\000o\000l\000a\000r\000s\000t\000r\000a\000h\000l\000u\000n\000g}{subsection.11.3}% 60
\BOOKMARK [3][-]{subsubsection.11.3.3}{\376\377\000B\000e\000r\000e\000c\000h\000n\000u\000n\000g\000\040\000d\000e\000r\000\040\000K\000o\000l\000l\000e\000k\000t\000o\000r\000f\000e\000l\000d\000l\000e\000i\000s\000t\000u\000n\000g}{subsection.11.3}% 61
\BOOKMARK [3][-]{subsubsection.11.3.4}{\376\377\000B\000e\000r\000e\000c\000h\000n\000u\000n\000g\000\040\000d\000e\000r\000\040\000R\000o\000h\000r\000l\000e\000i\000t\000u\000n\000g\000s\000v\000e\000r\000l\000u\000s\000t\000e}{subsection.11.3}% 62
\BOOKMARK [3][-]{subsubsection.11.3.5}{\376\377\000S\000p\000e\000i\000c\000h\000e\000r\000b\000e\000r\000e\000c\000h\000n\000u\000n\000g}{subsection.11.3}% 63
\BOOKMARK [3][-]{subsubsection.11.3.6}{\376\377\000W\000\344\000r\000m\000e\000o\000u\000t\000p\000u\000t\000\040\000u\000n\000d\000\040\000S\000t\000a\000g\000n\000a\000t\000i\000o\000n}{subsection.11.3}% 64
\BOOKMARK [2][-]{subsection.11.4}{\376\377\000W\000i\000r\000t\000s\000c\000h\000a\000f\000t\000l\000i\000c\000h\000e\000\040\000u\000n\000d\000\040\000\366\000k\000o\000l\000o\000g\000i\000s\000c\000h\000e\000\040\000\334\000b\000e\000r\000l\000e\000g\000u\000n\000g\000e\000n}{section.11}% 65
\BOOKMARK [2][-]{subsection.11.5}{\376\377\000N\000u\000t\000z\000u\000n\000g\000s\000b\000e\000i\000s\000p\000i\000e\000l}{section.11}% 66
\BOOKMARK [1][-]{section.12}{\376\377\000O\000p\000t\000i\000m\000i\000e\000r\000u\000n\000g\000s\000f\000u\000n\000k\000t\000i\000o\000n\000\040\000f\000\374\000r\000\040\000d\000e\000n\000\040\000E\000r\000z\000e\000u\000g\000e\000r\000m\000i\000x}{}% 67
\BOOKMARK [2][-]{subsection.12.1}{\376\377\000E\000i\000n\000l\000e\000i\000t\000u\000n\000g}{section.12}% 68
\BOOKMARK [2][-]{subsection.12.2}{\376\377\000M\000a\000t\000h\000e\000m\000a\000t\000i\000s\000c\000h\000e\000s\000\040\000M\000o\000d\000e\000l\000l}{section.12}% 69
\BOOKMARK [3][-]{subsubsection.12.2.1}{\376\377\000E\000i\000n\000g\000a\000n\000g\000s\000p\000a\000r\000a\000m\000e\000t\000e\000r}{subsection.12.2}% 70
\BOOKMARK [3][-]{subsubsection.12.2.2}{\376\377\000B\000e\000r\000e\000c\000h\000n\000u\000n\000g\000s\000l\000o\000g\000i\000k}{subsection.12.2}% 71
\BOOKMARK [3][-]{subsubsection.12.2.3}{\376\377\000T\000e\000c\000h\000n\000o\000l\000o\000g\000i\000e\000s\000p\000e\000z\000i\000f\000i\000s\000c\000h\000e\000\040\000B\000e\000r\000e\000c\000h\000n\000u\000n\000g}{subsection.12.2}% 72
\BOOKMARK [2][-]{subsection.12.3}{\376\377\000K\000a\000p\000i\000t\000a\000l\000-\000\040\000u\000n\000d\000\040\000E\000m\000i\000s\000s\000i\000o\000n\000s\000k\000o\000s\000t\000e\000n}{section.12}% 73
\BOOKMARK [2][-]{subsection.12.4}{\376\377\000Z\000u\000s\000a\000m\000m\000e\000n\000f\000a\000s\000s\000u\000n\000g}{section.12}% 74
\BOOKMARK [1][-]{section.13}{\376\377\000B\000e\000r\000e\000c\000h\000n\000u\000n\000g\000s\000f\000u\000n\000k\000t\000i\000o\000n\000\040\000f\000\374\000r\000\040\000d\000e\000n\000\040\000E\000r\000z\000e\000u\000g\000e\000r\000m\000i\000x}{}% 75
\BOOKMARK [2][-]{subsection.13.1}{\376\377\000E\000i\000n\000l\000e\000i\000t\000u\000n\000g}{section.13}% 76
\BOOKMARK [2][-]{subsection.13.2}{\376\377\000M\000a\000t\000h\000e\000m\000a\000t\000i\000s\000c\000h\000e\000s\000\040\000M\000o\000d\000e\000l\000l}{section.13}% 77
\BOOKMARK [3][-]{subsubsection.13.2.1}{\376\377\000Z\000i\000e\000l\000g\000r\000\366\000\337\000e\000n}{subsection.13.2}% 78
\BOOKMARK [3][-]{subsubsection.13.2.2}{\376\377\000O\000p\000t\000i\000m\000i\000e\000r\000u\000n\000g\000s\000v\000e\000r\000f\000a\000h\000r\000e\000n}{subsection.13.2}% 79
\BOOKMARK [3][-]{subsubsection.13.2.3}{\376\377\000N\000e\000b\000e\000n\000b\000e\000d\000i\000n\000g\000u\000n\000g\000e\000n}{subsection.13.2}% 80
\BOOKMARK [2][-]{subsection.13.3}{\376\377\000E\000r\000g\000e\000b\000n\000i\000s}{section.13}% 81
\BOOKMARK [2][-]{subsection.13.4}{\376\377\000Z\000u\000s\000a\000m\000m\000e\000n\000f\000a\000s\000s\000u\000n\000g}{section.13}% 82
\BOOKMARK [1][-]{section.14}{\376\377\000Z\000u\000s\000a\000m\000m\000e\000n\000f\000a\000s\000s\000u\000n\000g}{}% 83
